2024-05-13 06:27:02,971 INFO org.springframework.boot.StartupInfoLogger [main] Starting SpringJava13ApplicationTests using Java 17.0.10 on Huseyn with PID 14100 (started by husey in C:\Users\husey\Documents\GitHub\developia-projects\codes\spring\spring-java13)
2024-05-13 06:27:02,974 DEBUG org.springframework.boot.StartupInfoLogger [main] Running with Spring Boot v2.7.6, Spring v5.3.24
2024-05-13 06:27:02,974 INFO org.springframework.boot.SpringApplication [main] The following 1 profile is active: "development"
2024-05-13 06:27:02,988 INFO org.hibernate.validator.internal.util.Version [background-preinit] HV000001: Hibernate Validator 6.2.5.Final
2024-05-13 06:27:04,160 INFO org.springframework.data.repository.config.RepositoryConfigurationDelegate [main] Bootstrapping Spring Data JPA repositories in DEFAULT mode.
2024-05-13 06:27:04,401 INFO org.springframework.data.repository.config.RepositoryConfigurationDelegate [main] Finished Spring Data repository scanning in 229 ms. Found 7 JPA repository interfaces.
2024-05-13 06:27:05,464 INFO org.hibernate.jpa.internal.util.LogHelper [main] HHH000204: Processing PersistenceUnitInfo [name: default]
2024-05-13 06:27:05,582 INFO org.hibernate.Version [main] HHH000412: Hibernate ORM core version 5.6.14.Final
2024-05-13 06:27:05,822 INFO org.hibernate.annotations.common.reflection.java.JavaReflectionManager [main] HCANN000001: Hibernate Commons Annotations {5.1.2.Final}
2024-05-13 06:27:06,001 INFO com.zaxxer.hikari.HikariDataSource [main] HikariPool-1 - Starting...
2024-05-13 06:27:06,226 INFO com.zaxxer.hikari.HikariDataSource [main] HikariPool-1 - Start completed.
2024-05-13 06:27:06,271 INFO org.hibernate.dialect.Dialect [main] HHH000400: Using dialect: org.hibernate.dialect.H2Dialect
2024-05-13 06:27:07,031 INFO org.hibernate.engine.transaction.jta.platform.internal.JtaPlatformInitiator [main] HHH000490: Using JtaPlatform implementation: [org.hibernate.engine.transaction.jta.platform.internal.NoJtaPlatform]
2024-05-13 06:27:07,041 INFO org.springframework.orm.jpa.AbstractEntityManagerFactoryBean [main] Initialized JPA EntityManagerFactory for persistence unit 'default'
2024-05-13 06:27:08,931 WARN org.springframework.boot.autoconfigure.orm.jpa.JpaBaseConfiguration$JpaWebConfiguration [main] spring.jpa.open-in-view is enabled by default. Therefore, database queries may be performed during view rendering. Explicitly configure spring.jpa.open-in-view to disable this warning
2024-05-13 06:27:09,471 INFO springfox.documentation.spring.web.PropertySourcedRequestMappingHandlerMapping [main] Mapped URL path [/v2/api-docs] onto method [springfox.documentation.swagger2.web.Swagger2Controller#getDocumentation(String, HttpServletRequest)]
2024-05-13 06:27:11,041 INFO springfox.documentation.spring.web.plugins.DocumentationPluginsBootstrapper [main] Context refreshed
2024-05-13 06:27:11,066 INFO springfox.documentation.spring.web.plugins.DocumentationPluginsBootstrapper [main] Found 1 custom documentation plugin(s)
2024-05-13 06:27:11,112 INFO springfox.documentation.spring.web.scanners.ApiListingReferenceScanner [main] Scanning for api listing references
2024-05-13 06:27:11,362 INFO springfox.documentation.spring.web.readers.operation.CachingOperationNameGenerator [main] Generating unique operation named: addUsingPOST_1
2024-05-13 06:27:11,375 INFO springfox.documentation.spring.web.readers.operation.CachingOperationNameGenerator [main] Generating unique operation named: deleteUsingDELETE_1
2024-05-13 06:27:11,375 INFO springfox.documentation.spring.web.readers.operation.CachingOperationNameGenerator [main] Generating unique operation named: findByIdUsingGET_1
2024-05-13 06:27:11,411 INFO springfox.documentation.spring.web.readers.operation.CachingOperationNameGenerator [main] Generating unique operation named: updateUsingPUT_1
2024-05-13 06:27:11,482 INFO org.springframework.boot.StartupInfoLogger [main] Started SpringJava13ApplicationTests in 8.973 seconds (JVM running for 10.073)
2024-05-13 06:27:11,861 INFO org.springframework.orm.jpa.AbstractEntityManagerFactoryBean [SpringApplicationShutdownHook] Closing JPA EntityManagerFactory for persistence unit 'default'
2024-05-13 06:27:11,864 INFO com.zaxxer.hikari.HikariDataSource [SpringApplicationShutdownHook] HikariPool-1 - Shutdown initiated...
2024-05-13 06:27:11,864 INFO com.zaxxer.hikari.HikariDataSource [SpringApplicationShutdownHook] HikariPool-1 - Shutdown completed.
